# JRE version: OpenJDK Runtime Environment (15.0.2+7) (build 15.0.2+7-27)
# Java VM: OpenJDK 64-Bit Server VM (15.0.2+7-27, mixed mode, tiered, compressed oops, g1 gc, windows-amd64)
GC Precious Log:
 CPUs: 2 total, 2 available
 Memory: 3996M
 Large Page Support: Disabled
 NUMA Support: Disabled
 Compressed Oops: Enabled (32-bit)
 Heap Region Size: 1M
 Heap Min Capacity: 8M
 Heap Initial Capacity: 64M
 Heap Max Capacity: 1000M
 Pre-touch: Disabled
 Parallel Workers: 2
 Concurrent Workers: 1
 Concurrent Refinement Workers: 2
 Periodic GC: Disabled
Heap:
 garbage-first heap   total 39936K, used 26430K [0x00000000c1800000, 0x0000000100000000)
  region size 1024K, 8 young (8192K), 2 survivors (2048K)
 Metaspace       used 55534K, capacity 56087K, committed 56320K, reserved 1099776K
  class space    used 6706K, capacity 6888K, committed 6912K, reserved 1048576K
GC Heap History (20 events):
Event: 14.438 GC heap before
{Heap before GC invocations=20 (full 0):
 garbage-first heap   total 37888K, used 29039K [0x00000000c1800000, 0x0000000100000000)
  region size 1024K, 16 young (16384K), 2 survivors (2048K)
 Metaspace       used 35676K, capacity 36075K, committed 36352K, reserved 1081344K
  class space    used 4032K, capacity 4174K, committed 4224K, reserved 1048576K
}
Event: 14.440 GC heap after
{Heap after GC invocations=21 (full 0):
 garbage-first heap   total 37888K, used 15825K [0x00000000c1800000, 0x0000000100000000)
  region size 1024K, 2 young (2048K), 2 survivors (2048K)
 Metaspace       used 35676K, capacity 36075K, committed 36352K, reserved 1081344K
  class space    used 4032K, capacity 4174K, committed 4224K, reserved 1048576K
}
Event: 14.570 GC heap before
{Heap before GC invocations=21 (full 0):
 garbage-first heap   total 37888K, used 29137K [0x00000000c1800000, 0x0000000100000000)
  region size 1024K, 16 young (16384K), 2 survivors (2048K)
 Metaspace       used 35870K, capacity 36299K, committed 36352K, reserved 1081344K
  class space    used 4048K, capacity 4206K, committed 4224K, reserved 1048576K
}
Event: 14.572 GC heap after
{Heap after GC invocations=22 (full 0):
 garbage-first heap   total 37888K, used 15736K [0x00000000c1800000, 0x0000000100000000)
  region size 1024K, 1 young (1024K), 1 survivors (1024K)
 Metaspace       used 35870K, capacity 36299K, committed 36352K, reserved 1081344K
  class space    used 4048K, capacity 4206K, committed 4224K, reserved 1048576K
}
Event: 15.485 GC heap before
{Heap before GC invocations=22 (full 0):
 garbage-first heap   total 37888K, used 30072K [0x00000000c1800000, 0x0000000100000000)
  region size 1024K, 16 young (16384K), 1 survivors (1024K)
 Metaspace       used 38601K, capacity 39070K, committed 39168K, reserved 1083392K
  class space    used 4383K, capacity 4532K, committed 4608K, reserved 1048576K
}
Event: 15.488 GC heap after
{Heap after GC invocations=23 (full 0):
 garbage-first heap   total 37888K, used 16521K [0x00000000c1800000, 0x0000000100000000)
  region size 1024K, 2 young (2048K), 2 survivors (2048K)
 Metaspace       used 38601K, capacity 39070K, committed 39168K, reserved 1083392K
  class space    used 4383K, capacity 4532K, committed 4608K, reserved 1048576K
}
Event: 16.325 GC heap before
{Heap before GC invocations=23 (full 0):
 garbage-first heap   total 37888K, used 29833K [0x00000000c1800000, 0x0000000100000000)
  region size 1024K, 15 young (15360K), 2 survivors (2048K)
 Metaspace       used 42058K, capacity 42483K, committed 42624K, reserved 1087488K
  class space    used 5026K, capacity 5176K, committed 5248K, reserved 1048576K
}
Event: 16.332 GC heap after
{Heap after GC invocations=24 (full 0):
 garbage-first heap   total 37888K, used 17198K [0x00000000c1800000, 0x0000000100000000)
  region size 1024K, 2 young (2048K), 2 survivors (2048K)
 Metaspace       used 42058K, capacity 42483K, committed 42624K, reserved 1087488K
  class space    used 5026K, capacity 5176K, committed 5248K, reserved 1048576K
}
Event: 19.485 GC heap before
{Heap before GC invocations=24 (full 0):
 garbage-first heap   total 37888K, used 29486K [0x00000000c1800000, 0x0000000100000000)
  region size 1024K, 15 young (15360K), 2 survivors (2048K)
 Metaspace       used 46081K, capacity 46605K, committed 46848K, reserved 1091584K
  class space    used 5450K, capacity 5632K, committed 5632K, reserved 1048576K
}
Event: 19.491 GC heap after
{Heap after GC invocations=25 (full 0):
 garbage-first heap   total 37888K, used 19264K [0x00000000c1800000, 0x0000000100000000)
  region size 1024K, 2 young (2048K), 2 survivors (2048K)
 Metaspace       used 46081K, capacity 46605K, committed 46848K, reserved 1091584K
  class space    used 5450K, capacity 5632K, committed 5632K, reserved 1048576K
}
Event: 21.749 GC heap before
{Heap before GC invocations=25 (full 0):
 garbage-first heap   total 37888K, used 29504K [0x00000000c1800000, 0x0000000100000000)
  region size 1024K, 12 young (12288K), 2 survivors (2048K)
 Metaspace       used 49312K, capacity 49785K, committed 50048K, reserved 1093632K
  class space    used 5840K, capacity 5986K, committed 6016K, reserved 1048576K
}
Event: 21.754 GC heap after
{Heap after GC invocations=26 (full 0):
 garbage-first heap   total 37888K, used 20056K [0x00000000c1800000, 0x0000000100000000)
  region size 1024K, 1 young (1024K), 1 survivors (1024K)
 Metaspace       used 49312K, capacity 49785K, committed 50048K, reserved 1093632K
  class space    used 5840K, capacity 5986K, committed 6016K, reserved 1048576K
}
Event: 22.067 GC heap before
{Heap before GC invocations=27 (full 0):
 garbage-first heap   total 37888K, used 29272K [0x00000000c1800000, 0x0000000100000000)
  region size 1024K, 10 young (10240K), 1 survivors (1024K)
 Metaspace       used 49658K, capacity 50149K, committed 50432K, reserved 1093632K
  class space    used 5939K, capacity 6084K, committed 6144K, reserved 1048576K
}
Event: 22.069 GC heap after
{Heap after GC invocations=28 (full 0):
 garbage-first heap   total 37888K, used 19992K [0x00000000c1800000, 0x0000000100000000)
  region size 1024K, 1 young (1024K), 1 survivors (1024K)
 Metaspace       used 49658K, capacity 50149K, committed 50432K, reserved 1093632K
  class space    used 5939K, capacity 6084K, committed 6144K, reserved 1048576K
}
Event: 22.733 GC heap before
{Heap before GC invocations=28 (full 0):
 garbage-first heap   total 37888K, used 30232K [0x00000000c1800000, 0x0000000100000000)
  region size 1024K, 12 young (12288K), 1 survivors (1024K)
 Metaspace       used 49981K, capacity 50469K, committed 50816K, reserved 1093632K
  class space    used 5983K, capacity 6148K, committed 6272K, reserved 1048576K
}
Event: 22.735 GC heap after
{Heap after GC invocations=29 (full 0):
 garbage-first heap   total 37888K, used 20197K [0x00000000c1800000, 0x0000000100000000)
  region size 1024K, 1 young (1024K), 1 survivors (1024K)
 Metaspace       used 49981K, capacity 50469K, committed 50816K, reserved 1093632K
  class space    used 5983K, capacity 6148K, committed 6272K, reserved 1048576K
}
Event: 23.379 GC heap before
{Heap before GC invocations=30 (full 0):
 garbage-first heap   total 37888K, used 30437K [0x00000000c1800000, 0x0000000100000000)
  region size 1024K, 11 young (11264K), 1 survivors (1024K)
 Metaspace       used 50101K, capacity 50603K, committed 50816K, reserved 1093632K
  class space    used 5991K, capacity 6149K, committed 6272K, reserved 1048576K
}
Event: 23.381 GC heap after
{Heap after GC invocations=31 (full 0):
 garbage-first heap   total 37888K, used 20331K [0x00000000c1800000, 0x0000000100000000)
  region size 1024K, 1 young (1024K), 1 survivors (1024K)
 Metaspace       used 50101K, capacity 50603K, committed 50816K, reserved 1093632K
  class space    used 5991K, capacity 6149K, committed 6272K, reserved 1048576K
}
Event: 25.896 GC heap before
{Heap before GC invocations=31 (full 0):
 garbage-first heap   total 37888K, used 29547K [0x00000000c1800000, 0x0000000100000000)
  region size 1024K, 11 young (11264K), 1 survivors (1024K)
 Metaspace       used 51627K, capacity 52110K, committed 52224K, reserved 1095680K
  class space    used 6161K, capacity 6310K, committed 6400K, reserved 1048576K
}
Event: 25.899 GC heap after
{Heap after GC invocations=32 (full 0):
 garbage-first heap   total 37888K, used 20611K [0x00000000c1800000, 0x0000000100000000)
  region size 1024K, 2 young (2048K), 2 survivors (2048K)
 Metaspace       used 51627K, capacity 52110K, committed 52224K, reserved 1095680K
  class space    used 6161K, capacity 6310K, committed 6400K, reserved 1048576K
}

